<?xml version="1.0" encoding="UTF-8"?>
<!-- Generated by org.testng.reporters.JUnitXMLReporter -->
<testsuite ignored="0" hostname="DESKTOP-BQ8VFGF" failures="0" tests="7" name="test2" time="20.577" errors="0" timestamp="2025-03-20T11:58:28 IST">
  <testcase classname="testscripts.Logintest" name="verifyLoginwithInvalidUsernameAndValidpassword" time="0.44"/>
  <testcase classname="testscripts.Logintest" name="verifyUserLoginWithInValidCredential" time="0.4"/>
  <testcase classname="testscripts.Logintest" name="verifyUserLoginWithInValidCredential" time="0.399"/>
  <testcase classname="testscripts.Logintest" name="verifyUserLoginWithInValidCredential" time="0.518"/>
  <testcase classname="testscripts.Logintest" name="verifyUserLoginWithInValidCredential" time="0.494"/>
  <testcase classname="testscripts.Logintest" name="verifyUserLoginWithValidCredential" time="1.331"/>
  <testcase classname="testscripts.Logintest" name="verifyUserLoginWithValidUseranameAndInvalidPassword" time="0.463"/>
</testsuite> <!-- test2 -->
