<?xml version="1.0" encoding="UTF-8"?>
<!-- Generated by org.testng.reporters.JUnitXMLReporter -->
<testsuite ignored="1" hostname="DESKTOP-BQ8VFGF" failures="0" tests="3" name="groupTest" time="12.346" errors="0" timestamp="2025-03-20T11:56:25 IST">
  <testcase classname="testscripts.Adminusertest" name="verifyUserIsAbleToDeleteTheAdminUser" time="1.806"/>
  <testcase classname="testscripts.Adminusertest" name="verifyUserIsAbleToUpdateTheAdminUser" time="1.775"/>
  <testcase classname="testscripts.Adminusertest" name="verifyUserIsAbleTocreateNewAdminUser" time="1.588"/>
  <testcase classname="testscripts.Adminusertest" name="verifyUserIsAbleTosearchAdminUser" time="0.0">
    <ignored/>
  </testcase> <!-- verifyUserIsAbleTosearchAdminUser -->
</testsuite> <!-- groupTest -->
