<?xml version="1.0" encoding="UTF-8"?>
<!-- Generated by org.testng.reporters.JUnitXMLReporter -->
<testsuite ignored="0" hostname="DESKTOP-BQ8VFGF" failures="0" tests="16" name="testng" time="57.516" errors="0" timestamp="2025-03-20T11:51:55 IST">
  <testcase classname="testscripts.Adminusertest" name="verifyUserIsAbleToDeleteTheAdminUser" time="2.111"/>
  <testcase classname="testscripts.Adminusertest" name="verifyUserIsAbleToUpdateTheAdminUser" time="1.88"/>
  <testcase classname="testscripts.Adminusertest" name="verifyUserIsAbleTocreateNewAdminUser" time="1.836"/>
  <testcase classname="testscripts.Adminusertest" name="verifyUserIsAbleTosearchAdminUser" time="2.068"/>
  <testcase classname="testscripts.Logintest" name="verifyLoginwithInvalidUsernameAndValidpassword" time="0.337"/>
  <testcase classname="testscripts.Logintest" name="verifyUserLoginWithInValidCredential" time="0.579"/>
  <testcase classname="testscripts.Logintest" name="verifyUserLoginWithInValidCredential" time="0.412"/>
  <testcase classname="testscripts.Logintest" name="verifyUserLoginWithInValidCredential" time="0.401"/>
  <testcase classname="testscripts.Logintest" name="verifyUserLoginWithInValidCredential" time="0.392"/>
  <testcase classname="testscripts.Logintest" name="verifyUserLoginWithValidCredential" time="0.832"/>
  <testcase classname="testscripts.Logintest" name="verifyUserLoginWithValidUseranameAndInvalidPassword" time="0.469"/>
  <testcase classname="testscripts.Managecontacttest" name="verifyUserIsAbleToUpdateTheContactDetailsInManage" time="2.192"/>
  <testcase classname="testscripts.Subcategorytest" name="verifyUserIsAbleToDeleteButtonInSubcategoryTable" time="1.683"/>
  <testcase classname="testscripts.Subcategorytest" name="verifyUserIsAbleToUpdateTheSubcategoryDetails" time="2.847"/>
  <testcase classname="testscripts.Subcategorytest" name="verifyUserIsAbleTocreateSubcategoryWithValidDetails" time="2.652"/>
  <testcase classname="testscripts.Subcategorytest" name="verifyUserIsAbleTosearchTheCreatedSubcategoryInSearchbar" time="1.735"/>
</testsuite> <!-- testng -->
