<?xml version="1.0" encoding="UTF-8"?>
<!-- Generated by org.testng.reporters.JUnitXMLReporter -->
<testsuite ignored="3" hostname="DESKTOP-BQ8VFGF" failures="0" tests="1" name="chrometest" time="6.279" errors="0" timestamp="2025-03-22T18:25:55 IST">
  <testcase classname="testscripts.Logintest" name="verifyUserLoginWithValidCredential" time="1.776"/>
  <testcase classname="testscripts.Logintest" name="verifyUserLoginWithValidUseranameAndInvalidPassword" time="0.0">
    <ignored/>
  </testcase> <!-- verifyUserLoginWithValidUseranameAndInvalidPassword -->
  <testcase classname="testscripts.Logintest" name="verifyLoginwithInvalidUsernameAndValidpassword" time="0.0">
    <ignored/>
  </testcase> <!-- verifyLoginwithInvalidUsernameAndValidpassword -->
  <testcase classname="testscripts.Logintest" name="verifyUserLoginWithInValidCredential" time="0.0">
    <ignored/>
  </testcase> <!-- verifyUserLoginWithInValidCredential -->
</testsuite> <!-- chrometest -->
