<?xml version="1.0" encoding="UTF-8"?>
<testng-results ignored="0" total="16" passed="16" failed="0" skipped="0">
  <reporter-output>
  </reporter-output>
  <suite started-at="2025-03-20T12:08:17 IST" name="mytestsuite" finished-at="2025-03-20T12:09:28 IST" duration-ms="70658">
    <groups>
      <group name="smoke">
        <method signature="Adminusertest.verifyUserIsAbleTosearchAdminUser()[pri:0, instance:testscripts.Adminusertest@2767e23c]" name="verifyUserIsAbleTosearchAdminUser" class="testscripts.Adminusertest"/>
      </group> <!-- smoke -->
    </groups>
    <test started-at="2025-03-20T12:08:17 IST" name="testng" finished-at="2025-03-20T12:09:28 IST" duration-ms="70658">
      <class name="testscripts.Managecontacttest">
        <test-method is-config="true" signature="initializebrowser(java.lang.String)[pri:0, instance:testscripts.Managecontacttest@2ad48653]" started-at="2025-03-20T12:09:00 IST" name="initializebrowser" finished-at="2025-03-20T12:09:02 IST" duration-ms="2412" status="PASS">
          <params>
            <param index="0">
              <value>
                <![CDATA[Chrome]]>
              </value>
            </param>
          </params>
          <reporter-output>
          </reporter-output>
        </test-method> <!-- initializebrowser -->
        <test-method signature="verifyUserIsAbleToUpdateTheContactDetailsInManage()[pri:0, instance:testscripts.Managecontacttest@2ad48653]" started-at="2025-03-20T12:09:02 IST" name="verifyUserIsAbleToUpdateTheContactDetailsInManage" finished-at="2025-03-20T12:09:05 IST" duration-ms="2984" status="PASS">
          <reporter-output>
          </reporter-output>
        </test-method> <!-- verifyUserIsAbleToUpdateTheContactDetailsInManage -->
        <test-method is-config="true" signature="driverquit(org.testng.ITestResult)[pri:0, instance:testscripts.Managecontacttest@2ad48653]" started-at="2025-03-20T12:09:05 IST" name="driverquit" finished-at="2025-03-20T12:09:06 IST" duration-ms="174" status="PASS">
          <params>
            <param index="0">
              <value>
                <![CDATA[[TestResult name=verifyUserIsAbleToUpdateTheContactDetailsInManage status=SUCCESS method=Managecontacttest.verifyUserIsAbleToUpdateTheContactDetailsInManage()[pri:0, instance:testscripts.Managecontacttest@2ad48653] output={null}]]]>
              </value>
            </param>
          </params>
          <reporter-output>
          </reporter-output>
        </test-method> <!-- driverquit -->
      </class> <!-- testscripts.Managecontacttest -->
      <class name="testscripts.Adminusertest">
        <test-method is-config="true" signature="initializebrowser(java.lang.String)[pri:0, instance:testscripts.Adminusertest@2767e23c]" started-at="2025-03-20T12:08:17 IST" name="initializebrowser" finished-at="2025-03-20T12:08:20 IST" duration-ms="3037" status="PASS">
          <params>
            <param index="0">
              <value>
                <![CDATA[Chrome]]>
              </value>
            </param>
          </params>
          <reporter-output>
          </reporter-output>
        </test-method> <!-- initializebrowser -->
        <test-method signature="verifyUserIsAbleToDeleteTheAdminUser()[pri:0, instance:testscripts.Adminusertest@2767e23c]" started-at="2025-03-20T12:08:20 IST" name="verifyUserIsAbleToDeleteTheAdminUser" finished-at="2025-03-20T12:08:23 IST" duration-ms="2478" status="PASS">
          <reporter-output>
          </reporter-output>
        </test-method> <!-- verifyUserIsAbleToDeleteTheAdminUser -->
        <test-method is-config="true" signature="driverquit(org.testng.ITestResult)[pri:0, instance:testscripts.Adminusertest@2767e23c]" started-at="2025-03-20T12:08:23 IST" name="driverquit" finished-at="2025-03-20T12:08:23 IST" duration-ms="189" status="PASS">
          <params>
            <param index="0">
              <value>
                <![CDATA[[TestResult name=verifyUserIsAbleToDeleteTheAdminUser status=SUCCESS method=Adminusertest.verifyUserIsAbleToDeleteTheAdminUser()[pri:0, instance:testscripts.Adminusertest@2767e23c] output={null}]]]>
              </value>
            </param>
          </params>
          <reporter-output>
          </reporter-output>
        </test-method> <!-- driverquit -->
        <test-method is-config="true" signature="initializebrowser(java.lang.String)[pri:0, instance:testscripts.Adminusertest@2767e23c]" started-at="2025-03-20T12:08:23 IST" name="initializebrowser" finished-at="2025-03-20T12:08:25 IST" duration-ms="2369" status="PASS">
          <params>
            <param index="0">
              <value>
                <![CDATA[Chrome]]>
              </value>
            </param>
          </params>
          <reporter-output>
          </reporter-output>
        </test-method> <!-- initializebrowser -->
        <test-method signature="verifyUserIsAbleToUpdateTheAdminUser()[pri:0, instance:testscripts.Adminusertest@2767e23c]" started-at="2025-03-20T12:08:25 IST" name="verifyUserIsAbleToUpdateTheAdminUser" finished-at="2025-03-20T12:08:28 IST" duration-ms="2085" status="PASS">
          <reporter-output>
          </reporter-output>
        </test-method> <!-- verifyUserIsAbleToUpdateTheAdminUser -->
        <test-method is-config="true" signature="driverquit(org.testng.ITestResult)[pri:0, instance:testscripts.Adminusertest@2767e23c]" started-at="2025-03-20T12:08:28 IST" name="driverquit" finished-at="2025-03-20T12:08:28 IST" duration-ms="190" status="PASS">
          <params>
            <param index="0">
              <value>
                <![CDATA[[TestResult name=verifyUserIsAbleToUpdateTheAdminUser status=SUCCESS method=Adminusertest.verifyUserIsAbleToUpdateTheAdminUser()[pri:0, instance:testscripts.Adminusertest@2767e23c] output={null}]]]>
              </value>
            </param>
          </params>
          <reporter-output>
          </reporter-output>
        </test-method> <!-- driverquit -->
        <test-method is-config="true" signature="initializebrowser(java.lang.String)[pri:0, instance:testscripts.Adminusertest@2767e23c]" started-at="2025-03-20T12:08:28 IST" name="initializebrowser" finished-at="2025-03-20T12:08:30 IST" duration-ms="2382" status="PASS">
          <params>
            <param index="0">
              <value>
                <![CDATA[Chrome]]>
              </value>
            </param>
          </params>
          <reporter-output>
          </reporter-output>
        </test-method> <!-- initializebrowser -->
        <test-method signature="verifyUserIsAbleTocreateNewAdminUser()[pri:0, instance:testscripts.Adminusertest@2767e23c]" started-at="2025-03-20T12:08:30 IST" name="verifyUserIsAbleTocreateNewAdminUser" finished-at="2025-03-20T12:08:33 IST" duration-ms="2452" status="PASS">
          <reporter-output>
          </reporter-output>
        </test-method> <!-- verifyUserIsAbleTocreateNewAdminUser -->
        <test-method is-config="true" signature="driverquit(org.testng.ITestResult)[pri:0, instance:testscripts.Adminusertest@2767e23c]" started-at="2025-03-20T12:08:33 IST" name="driverquit" finished-at="2025-03-20T12:08:33 IST" duration-ms="215" status="PASS">
          <params>
            <param index="0">
              <value>
                <![CDATA[[TestResult name=verifyUserIsAbleTocreateNewAdminUser status=SUCCESS method=Adminusertest.verifyUserIsAbleTocreateNewAdminUser()[pri:0, instance:testscripts.Adminusertest@2767e23c] output={null}]]]>
              </value>
            </param>
          </params>
          <reporter-output>
          </reporter-output>
        </test-method> <!-- driverquit -->
        <test-method is-config="true" signature="initializebrowser(java.lang.String)[pri:0, instance:testscripts.Adminusertest@2767e23c]" started-at="2025-03-20T12:08:33 IST" name="initializebrowser" finished-at="2025-03-20T12:08:35 IST" duration-ms="2302" status="PASS">
          <params>
            <param index="0">
              <value>
                <![CDATA[Chrome]]>
              </value>
            </param>
          </params>
          <reporter-output>
          </reporter-output>
        </test-method> <!-- initializebrowser -->
        <test-method signature="verifyUserIsAbleTosearchAdminUser()[pri:0, instance:testscripts.Adminusertest@2767e23c]" started-at="2025-03-20T12:08:35 IST" name="verifyUserIsAbleTosearchAdminUser" finished-at="2025-03-20T12:08:37 IST" duration-ms="1930" status="PASS">
          <reporter-output>
          </reporter-output>
        </test-method> <!-- verifyUserIsAbleTosearchAdminUser -->
        <test-method is-config="true" signature="driverquit(org.testng.ITestResult)[pri:0, instance:testscripts.Adminusertest@2767e23c]" started-at="2025-03-20T12:08:37 IST" name="driverquit" finished-at="2025-03-20T12:08:37 IST" duration-ms="201" status="PASS">
          <params>
            <param index="0">
              <value>
                <![CDATA[[TestResult name=verifyUserIsAbleTosearchAdminUser status=SUCCESS method=Adminusertest.verifyUserIsAbleTosearchAdminUser()[pri:0, instance:testscripts.Adminusertest@2767e23c] output={null}]]]>
              </value>
            </param>
          </params>
          <reporter-output>
          </reporter-output>
        </test-method> <!-- driverquit -->
      </class> <!-- testscripts.Adminusertest -->
      <class name="testscripts.Logintest">
        <test-method is-config="true" signature="initializebrowser(java.lang.String)[pri:0, instance:testscripts.Logintest@433defed]" started-at="2025-03-20T12:08:37 IST" name="initializebrowser" finished-at="2025-03-20T12:08:40 IST" duration-ms="2448" status="PASS">
          <params>
            <param index="0">
              <value>
                <![CDATA[Chrome]]>
              </value>
            </param>
          </params>
          <reporter-output>
          </reporter-output>
        </test-method> <!-- initializebrowser -->
        <test-method signature="verifyLoginwithInvalidUsernameAndValidpassword()[pri:0, instance:testscripts.Logintest@433defed]" started-at="2025-03-20T12:08:40 IST" name="verifyLoginwithInvalidUsernameAndValidpassword" finished-at="2025-03-20T12:08:40 IST" duration-ms="529" status="PASS">
          <reporter-output>
          </reporter-output>
        </test-method> <!-- verifyLoginwithInvalidUsernameAndValidpassword -->
        <test-method is-config="true" signature="driverquit(org.testng.ITestResult)[pri:0, instance:testscripts.Logintest@433defed]" started-at="2025-03-20T12:08:40 IST" name="driverquit" finished-at="2025-03-20T12:08:40 IST" duration-ms="232" status="PASS">
          <params>
            <param index="0">
              <value>
                <![CDATA[[TestResult name=verifyLoginwithInvalidUsernameAndValidpassword status=SUCCESS method=Logintest.verifyLoginwithInvalidUsernameAndValidpassword()[pri:0, instance:testscripts.Logintest@433defed] output={null}]]]>
              </value>
            </param>
          </params>
          <reporter-output>
          </reporter-output>
        </test-method> <!-- driverquit -->
        <test-method is-config="true" signature="initializebrowser(java.lang.String)[pri:0, instance:testscripts.Logintest@433defed]" started-at="2025-03-20T12:08:40 IST" name="initializebrowser" finished-at="2025-03-20T12:08:44 IST" duration-ms="3276" status="PASS">
          <params>
            <param index="0">
              <value>
                <![CDATA[Chrome]]>
              </value>
            </param>
          </params>
          <reporter-output>
          </reporter-output>
        </test-method> <!-- initializebrowser -->
        <test-method signature="verifyUserLoginWithInValidCredential(java.lang.String,java.lang.String)[pri:0, instance:testscripts.Logintest@433defed]" started-at="2025-03-20T12:08:44 IST" name="verifyUserLoginWithInValidCredential" data-provider="data provider" finished-at="2025-03-20T12:08:44 IST" duration-ms="537" status="PASS">
          <params>
            <param index="0">
              <value>
                <![CDATA[Ethelwin]]>
              </value>
            </param>
            <param index="1">
              <value>
                <![CDATA[123]]>
              </value>
            </param>
          </params>
          <reporter-output>
          </reporter-output>
        </test-method> <!-- verifyUserLoginWithInValidCredential -->
        <test-method is-config="true" signature="driverquit(org.testng.ITestResult)[pri:0, instance:testscripts.Logintest@433defed]" started-at="2025-03-20T12:08:44 IST" name="driverquit" finished-at="2025-03-20T12:08:44 IST" duration-ms="153" status="PASS">
          <params>
            <param index="0">
              <value>
                <![CDATA[[TestResult name=verifyUserLoginWithInValidCredential status=SUCCESS method=Logintest.verifyUserLoginWithInValidCredential(java.lang.String,java.lang.String)[pri:0, instance:testscripts.Logintest@433defed] output={null}]]]>
              </value>
            </param>
          </params>
          <reporter-output>
          </reporter-output>
        </test-method> <!-- driverquit -->
        <test-method is-config="true" signature="initializebrowser(java.lang.String)[pri:0, instance:testscripts.Logintest@433defed]" started-at="2025-03-20T12:08:44 IST" name="initializebrowser" finished-at="2025-03-20T12:08:47 IST" duration-ms="2325" status="PASS">
          <params>
            <param index="0">
              <value>
                <![CDATA[Chrome]]>
              </value>
            </param>
          </params>
          <reporter-output>
          </reporter-output>
        </test-method> <!-- initializebrowser -->
        <test-method signature="verifyUserLoginWithInValidCredential(java.lang.String,java.lang.String)[pri:0, instance:testscripts.Logintest@433defed]" started-at="2025-03-20T12:08:47 IST" name="verifyUserLoginWithInValidCredential" data-provider="data provider" finished-at="2025-03-20T12:08:47 IST" duration-ms="572" status="PASS">
          <params>
            <param index="0">
              <value>
                <![CDATA[Ethu]]>
              </value>
            </param>
            <param index="1">
              <value>
                <![CDATA[456]]>
              </value>
            </param>
          </params>
          <reporter-output>
          </reporter-output>
        </test-method> <!-- verifyUserLoginWithInValidCredential -->
        <test-method is-config="true" signature="driverquit(org.testng.ITestResult)[pri:0, instance:testscripts.Logintest@433defed]" started-at="2025-03-20T12:08:47 IST" name="driverquit" finished-at="2025-03-20T12:08:48 IST" duration-ms="207" status="PASS">
          <params>
            <param index="0">
              <value>
                <![CDATA[[TestResult name=verifyUserLoginWithInValidCredential status=SUCCESS method=Logintest.verifyUserLoginWithInValidCredential(java.lang.String,java.lang.String)[pri:0, instance:testscripts.Logintest@433defed] output={null}]]]>
              </value>
            </param>
          </params>
          <reporter-output>
          </reporter-output>
        </test-method> <!-- driverquit -->
        <test-method is-config="true" signature="initializebrowser(java.lang.String)[pri:0, instance:testscripts.Logintest@433defed]" started-at="2025-03-20T12:08:48 IST" name="initializebrowser" finished-at="2025-03-20T12:08:50 IST" duration-ms="2476" status="PASS">
          <params>
            <param index="0">
              <value>
                <![CDATA[Chrome]]>
              </value>
            </param>
          </params>
          <reporter-output>
          </reporter-output>
        </test-method> <!-- initializebrowser -->
        <test-method signature="verifyUserLoginWithInValidCredential(java.lang.String,java.lang.String)[pri:0, instance:testscripts.Logintest@433defed]" started-at="2025-03-20T12:08:50 IST" name="verifyUserLoginWithInValidCredential" data-provider="data provider" finished-at="2025-03-20T12:08:51 IST" duration-ms="520" status="PASS">
          <params>
            <param index="0">
              <value>
                <![CDATA[Rinson]]>
              </value>
            </param>
            <param index="1">
              <value>
                <![CDATA[789]]>
              </value>
            </param>
          </params>
          <reporter-output>
          </reporter-output>
        </test-method> <!-- verifyUserLoginWithInValidCredential -->
        <test-method is-config="true" signature="driverquit(org.testng.ITestResult)[pri:0, instance:testscripts.Logintest@433defed]" started-at="2025-03-20T12:08:51 IST" name="driverquit" finished-at="2025-03-20T12:08:51 IST" duration-ms="173" status="PASS">
          <params>
            <param index="0">
              <value>
                <![CDATA[[TestResult name=verifyUserLoginWithInValidCredential status=SUCCESS method=Logintest.verifyUserLoginWithInValidCredential(java.lang.String,java.lang.String)[pri:0, instance:testscripts.Logintest@433defed] output={null}]]]>
              </value>
            </param>
          </params>
          <reporter-output>
          </reporter-output>
        </test-method> <!-- driverquit -->
        <test-method is-config="true" signature="initializebrowser(java.lang.String)[pri:0, instance:testscripts.Logintest@433defed]" started-at="2025-03-20T12:08:51 IST" name="initializebrowser" finished-at="2025-03-20T12:08:53 IST" duration-ms="2220" status="PASS">
          <params>
            <param index="0">
              <value>
                <![CDATA[Chrome]]>
              </value>
            </param>
          </params>
          <reporter-output>
          </reporter-output>
        </test-method> <!-- initializebrowser -->
        <test-method signature="verifyUserLoginWithInValidCredential(java.lang.String,java.lang.String)[pri:0, instance:testscripts.Logintest@433defed]" started-at="2025-03-20T12:08:53 IST" name="verifyUserLoginWithInValidCredential" data-provider="data provider" finished-at="2025-03-20T12:08:53 IST" duration-ms="555" status="PASS">
          <params>
            <param index="0">
              <value>
                <![CDATA[anu]]>
              </value>
            </param>
            <param index="1">
              <value>
                <![CDATA[987]]>
              </value>
            </param>
          </params>
          <reporter-output>
          </reporter-output>
        </test-method> <!-- verifyUserLoginWithInValidCredential -->
        <test-method is-config="true" signature="driverquit(org.testng.ITestResult)[pri:0, instance:testscripts.Logintest@433defed]" started-at="2025-03-20T12:08:53 IST" name="driverquit" finished-at="2025-03-20T12:08:54 IST" duration-ms="157" status="PASS">
          <params>
            <param index="0">
              <value>
                <![CDATA[[TestResult name=verifyUserLoginWithInValidCredential status=SUCCESS method=Logintest.verifyUserLoginWithInValidCredential(java.lang.String,java.lang.String)[pri:0, instance:testscripts.Logintest@433defed] output={null}]]]>
              </value>
            </param>
          </params>
          <reporter-output>
          </reporter-output>
        </test-method> <!-- driverquit -->
        <test-method is-config="true" signature="initializebrowser(java.lang.String)[pri:0, instance:testscripts.Logintest@433defed]" started-at="2025-03-20T12:08:54 IST" name="initializebrowser" finished-at="2025-03-20T12:08:56 IST" duration-ms="2198" status="PASS">
          <params>
            <param index="0">
              <value>
                <![CDATA[Chrome]]>
              </value>
            </param>
          </params>
          <reporter-output>
          </reporter-output>
        </test-method> <!-- initializebrowser -->
        <test-method signature="verifyUserLoginWithValidCredential()[pri:0, instance:testscripts.Logintest@433defed]" started-at="2025-03-20T12:08:56 IST" name="verifyUserLoginWithValidCredential" finished-at="2025-03-20T12:08:57 IST" duration-ms="872" status="PASS">
          <reporter-output>
          </reporter-output>
        </test-method> <!-- verifyUserLoginWithValidCredential -->
        <test-method is-config="true" signature="driverquit(org.testng.ITestResult)[pri:0, instance:testscripts.Logintest@433defed]" started-at="2025-03-20T12:08:57 IST" name="driverquit" finished-at="2025-03-20T12:08:57 IST" duration-ms="192" status="PASS">
          <params>
            <param index="0">
              <value>
                <![CDATA[[TestResult name=verifyUserLoginWithValidCredential status=SUCCESS method=Logintest.verifyUserLoginWithValidCredential()[pri:0, instance:testscripts.Logintest@433defed] output={null}]]]>
              </value>
            </param>
          </params>
          <reporter-output>
          </reporter-output>
        </test-method> <!-- driverquit -->
        <test-method is-config="true" signature="initializebrowser(java.lang.String)[pri:0, instance:testscripts.Logintest@433defed]" started-at="2025-03-20T12:08:57 IST" name="initializebrowser" finished-at="2025-03-20T12:08:59 IST" duration-ms="2413" status="PASS">
          <params>
            <param index="0">
              <value>
                <![CDATA[Chrome]]>
              </value>
            </param>
          </params>
          <reporter-output>
          </reporter-output>
        </test-method> <!-- initializebrowser -->
        <test-method signature="verifyUserLoginWithValidUseranameAndInvalidPassword()[pri:0, instance:testscripts.Logintest@433defed]" started-at="2025-03-20T12:08:59 IST" name="verifyUserLoginWithValidUseranameAndInvalidPassword" finished-at="2025-03-20T12:09:00 IST" duration-ms="500" status="PASS">
          <reporter-output>
          </reporter-output>
        </test-method> <!-- verifyUserLoginWithValidUseranameAndInvalidPassword -->
        <test-method is-config="true" signature="driverquit(org.testng.ITestResult)[pri:0, instance:testscripts.Logintest@433defed]" started-at="2025-03-20T12:09:00 IST" name="driverquit" finished-at="2025-03-20T12:09:00 IST" duration-ms="173" status="PASS">
          <params>
            <param index="0">
              <value>
                <![CDATA[[TestResult name=verifyUserLoginWithValidUseranameAndInvalidPassword status=SUCCESS method=Logintest.verifyUserLoginWithValidUseranameAndInvalidPassword()[pri:0, instance:testscripts.Logintest@433defed] output={null}]]]>
              </value>
            </param>
          </params>
          <reporter-output>
          </reporter-output>
        </test-method> <!-- driverquit -->
      </class> <!-- testscripts.Logintest -->
      <class name="testscripts.Subcategorytest">
        <test-method is-config="true" signature="initializebrowser(java.lang.String)[pri:0, instance:testscripts.Subcategorytest@6bb4dd34]" started-at="2025-03-20T12:09:06 IST" name="initializebrowser" finished-at="2025-03-20T12:09:08 IST" duration-ms="2413" status="PASS">
          <params>
            <param index="0">
              <value>
                <![CDATA[Chrome]]>
              </value>
            </param>
          </params>
          <reporter-output>
          </reporter-output>
        </test-method> <!-- initializebrowser -->
        <test-method signature="verifyUserIsAbleToDeleteButtonInSubcategoryTable()[pri:0, instance:testscripts.Subcategorytest@6bb4dd34]" started-at="2025-03-20T12:09:08 IST" name="verifyUserIsAbleToDeleteButtonInSubcategoryTable" finished-at="2025-03-20T12:09:10 IST" duration-ms="1574" status="PASS">
          <reporter-output>
          </reporter-output>
        </test-method> <!-- verifyUserIsAbleToDeleteButtonInSubcategoryTable -->
        <test-method is-config="true" signature="driverquit(org.testng.ITestResult)[pri:0, instance:testscripts.Subcategorytest@6bb4dd34]" started-at="2025-03-20T12:09:10 IST" name="driverquit" finished-at="2025-03-20T12:09:10 IST" duration-ms="224" status="PASS">
          <params>
            <param index="0">
              <value>
                <![CDATA[[TestResult name=verifyUserIsAbleToDeleteButtonInSubcategoryTable status=SUCCESS method=Subcategorytest.verifyUserIsAbleToDeleteButtonInSubcategoryTable()[pri:0, instance:testscripts.Subcategorytest@6bb4dd34] output={null}]]]>
              </value>
            </param>
          </params>
          <reporter-output>
          </reporter-output>
        </test-method> <!-- driverquit -->
        <test-method is-config="true" signature="initializebrowser(java.lang.String)[pri:0, instance:testscripts.Subcategorytest@6bb4dd34]" started-at="2025-03-20T12:09:10 IST" name="initializebrowser" finished-at="2025-03-20T12:09:12 IST" duration-ms="2438" status="PASS">
          <params>
            <param index="0">
              <value>
                <![CDATA[Chrome]]>
              </value>
            </param>
          </params>
          <reporter-output>
          </reporter-output>
        </test-method> <!-- initializebrowser -->
        <test-method signature="verifyUserIsAbleToUpdateTheSubcategoryDetails()[pri:0, instance:testscripts.Subcategorytest@6bb4dd34]" started-at="2025-03-20T12:09:12 IST" name="verifyUserIsAbleToUpdateTheSubcategoryDetails" finished-at="2025-03-20T12:09:16 IST" duration-ms="3517" status="PASS">
          <reporter-output>
          </reporter-output>
        </test-method> <!-- verifyUserIsAbleToUpdateTheSubcategoryDetails -->
        <test-method is-config="true" signature="driverquit(org.testng.ITestResult)[pri:0, instance:testscripts.Subcategorytest@6bb4dd34]" started-at="2025-03-20T12:09:16 IST" name="driverquit" finished-at="2025-03-20T12:09:16 IST" duration-ms="173" status="PASS">
          <params>
            <param index="0">
              <value>
                <![CDATA[[TestResult name=verifyUserIsAbleToUpdateTheSubcategoryDetails status=SUCCESS method=Subcategorytest.verifyUserIsAbleToUpdateTheSubcategoryDetails()[pri:0, instance:testscripts.Subcategorytest@6bb4dd34] output={null}]]]>
              </value>
            </param>
          </params>
          <reporter-output>
          </reporter-output>
        </test-method> <!-- driverquit -->
        <test-method is-config="true" signature="initializebrowser(java.lang.String)[pri:0, instance:testscripts.Subcategorytest@6bb4dd34]" started-at="2025-03-20T12:09:16 IST" name="initializebrowser" finished-at="2025-03-20T12:09:20 IST" duration-ms="4093" status="PASS">
          <params>
            <param index="0">
              <value>
                <![CDATA[Chrome]]>
              </value>
            </param>
          </params>
          <reporter-output>
          </reporter-output>
        </test-method> <!-- initializebrowser -->
        <test-method signature="verifyUserIsAbleTocreateSubcategoryWithValidDetails()[pri:0, instance:testscripts.Subcategorytest@6bb4dd34]" started-at="2025-03-20T12:09:20 IST" name="verifyUserIsAbleTocreateSubcategoryWithValidDetails" finished-at="2025-03-20T12:09:23 IST" duration-ms="3064" status="PASS">
          <reporter-output>
          </reporter-output>
        </test-method> <!-- verifyUserIsAbleTocreateSubcategoryWithValidDetails -->
        <test-method is-config="true" signature="driverquit(org.testng.ITestResult)[pri:0, instance:testscripts.Subcategorytest@6bb4dd34]" started-at="2025-03-20T12:09:23 IST" name="driverquit" finished-at="2025-03-20T12:09:23 IST" duration-ms="204" status="PASS">
          <params>
            <param index="0">
              <value>
                <![CDATA[[TestResult name=verifyUserIsAbleTocreateSubcategoryWithValidDetails status=SUCCESS method=Subcategorytest.verifyUserIsAbleTocreateSubcategoryWithValidDetails()[pri:0, instance:testscripts.Subcategorytest@6bb4dd34] output={null}]]]>
              </value>
            </param>
          </params>
          <reporter-output>
          </reporter-output>
        </test-method> <!-- driverquit -->
        <test-method is-config="true" signature="initializebrowser(java.lang.String)[pri:0, instance:testscripts.Subcategorytest@6bb4dd34]" started-at="2025-03-20T12:09:23 IST" name="initializebrowser" finished-at="2025-03-20T12:09:26 IST" duration-ms="2405" status="PASS">
          <params>
            <param index="0">
              <value>
                <![CDATA[Chrome]]>
              </value>
            </param>
          </params>
          <reporter-output>
          </reporter-output>
        </test-method> <!-- initializebrowser -->
        <test-method signature="verifyUserIsAbleTosearchTheCreatedSubcategoryInSearchbar()[pri:0, instance:testscripts.Subcategorytest@6bb4dd34]" started-at="2025-03-20T12:09:26 IST" name="verifyUserIsAbleTosearchTheCreatedSubcategoryInSearchbar" finished-at="2025-03-20T12:09:28 IST" duration-ms="2107" status="PASS">
          <reporter-output>
          </reporter-output>
        </test-method> <!-- verifyUserIsAbleTosearchTheCreatedSubcategoryInSearchbar -->
        <test-method is-config="true" signature="driverquit(org.testng.ITestResult)[pri:0, instance:testscripts.Subcategorytest@6bb4dd34]" started-at="2025-03-20T12:09:28 IST" name="driverquit" finished-at="2025-03-20T12:09:28 IST" duration-ms="195" status="PASS">
          <params>
            <param index="0">
              <value>
                <![CDATA[[TestResult name=verifyUserIsAbleTosearchTheCreatedSubcategoryInSearchbar status=SUCCESS method=Subcategorytest.verifyUserIsAbleTosearchTheCreatedSubcategoryInSearchbar()[pri:0, instance:testscripts.Subcategorytest@6bb4dd34] output={null}]]]>
              </value>
            </param>
          </params>
          <reporter-output>
          </reporter-output>
        </test-method> <!-- driverquit -->
      </class> <!-- testscripts.Subcategorytest -->
    </test> <!-- testng -->
  </suite> <!-- mytestsuite -->
</testng-results>
