<?xml version="1.0" encoding="UTF-8"?>
<testsuite xmlns:xsi="http://www.w3.org/2001/XMLSchema-instance" xsi:noNamespaceSchemaLocation="https://maven.apache.org/surefire/maven-surefire-plugin/xsd/surefire-test-report-3.0.xsd" version="3.0" name="TestSuite" time="72.087" tests="16" errors="0" skipped="0" failures="0">
  <properties>
[...]
</properties>
  <testcase name="verifyUserIsAbleToDeleteTheAdminUser" classname="testscripts.Adminusertest" time="2.472">
    <system-err><![CDATA[SLF4J: Failed to load class "org.slf4j.impl.StaticLoggerBinder".
SLF4J: Defaulting to no-operation (NOP) logger implementation
SLF4J: See http://www.slf4j.org/codes.html#StaticLoggerBinder for further details.
Mar 20, 2025 12:08:19 PM org.openqa.selenium.devtools.CdpVersionFinder findNearestMatch
WARNING: Unable to find an exact match for CDP version 134, returning the closest version; found: 132; Please update to a Selenium version that supports CDP version 134
]]></system-err>
  </testcase>
  <testcase name="verifyUserIsAbleToUpdateTheAdminUser" classname="testscripts.Adminusertest" time="2.063">
    <system-err><![CDATA[Mar 20, 2025 12:08:25 PM org.openqa.selenium.devtools.CdpVersionFinder findNearestMatch
WARNING: Unable to find an exact match for CDP version 134, returning the closest version; found: 132; Please update to a Selenium version that supports CDP version 134
]]></system-err>
  </testcase>
  <testcase name="verifyUserIsAbleTocreateNewAdminUser" classname="testscripts.Adminusertest" time="2.434">
    <system-err><![CDATA[Mar 20, 2025 12:08:29 PM org.openqa.selenium.devtools.CdpVersionFinder findNearestMatch
WARNING: Unable to find an exact match for CDP version 134, returning the closest version; found: 132; Please update to a Selenium version that supports CDP version 134
]]></system-err>
  </testcase>
  <testcase name="verifyUserIsAbleTosearchAdminUser" classname="testscripts.Adminusertest" time="1.865">
    <system-err><![CDATA[Mar 20, 2025 12:08:34 PM org.openqa.selenium.devtools.CdpVersionFinder findNearestMatch
WARNING: Unable to find an exact match for CDP version 134, returning the closest version; found: 132; Please update to a Selenium version that supports CDP version 134
]]></system-err>
  </testcase>
  <testcase name="verifyLoginwithInvalidUsernameAndValidpassword" classname="testscripts.Logintest" time="0.52">
    <system-err><![CDATA[Mar 20, 2025 12:08:39 PM org.openqa.selenium.devtools.CdpVersionFinder findNearestMatch
WARNING: Unable to find an exact match for CDP version 134, returning the closest version; found: 132; Please update to a Selenium version that supports CDP version 134
]]></system-err>
  </testcase>
  <testcase name="verifyUserLoginWithInValidCredential[Ethelwin, 123](1)" classname="testscripts.Logintest" time="0.521">
    <system-err><![CDATA[Mar 20, 2025 12:08:42 PM org.openqa.selenium.devtools.CdpVersionFinder findNearestMatch
WARNING: Unable to find an exact match for CDP version 134, returning the closest version; found: 132; Please update to a Selenium version that supports CDP version 134
]]></system-err>
  </testcase>
  <testcase name="verifyUserLoginWithInValidCredential[Ethu, 456](2)" classname="testscripts.Logintest" time="0.558">
    <system-err><![CDATA[Mar 20, 2025 12:08:46 PM org.openqa.selenium.devtools.CdpVersionFinder findNearestMatch
WARNING: Unable to find an exact match for CDP version 134, returning the closest version; found: 132; Please update to a Selenium version that supports CDP version 134
]]></system-err>
  </testcase>
  <testcase name="verifyUserLoginWithInValidCredential[Rinson, 789](3)" classname="testscripts.Logintest" time="0.499">
    <system-err><![CDATA[Mar 20, 2025 12:08:49 PM org.openqa.selenium.devtools.CdpVersionFinder findNearestMatch
WARNING: Unable to find an exact match for CDP version 134, returning the closest version; found: 132; Please update to a Selenium version that supports CDP version 134
]]></system-err>
  </testcase>
  <testcase name="verifyUserLoginWithInValidCredential[anu, 987](4)" classname="testscripts.Logintest" time="0.553">
    <system-err><![CDATA[Mar 20, 2025 12:08:52 PM org.openqa.selenium.devtools.CdpVersionFinder findNearestMatch
WARNING: Unable to find an exact match for CDP version 134, returning the closest version; found: 132; Please update to a Selenium version that supports CDP version 134
]]></system-err>
  </testcase>
  <testcase name="verifyUserLoginWithValidCredential" classname="testscripts.Logintest" time="0.811">
    <system-err><![CDATA[Mar 20, 2025 12:08:55 PM org.openqa.selenium.devtools.CdpVersionFinder findNearestMatch
WARNING: Unable to find an exact match for CDP version 134, returning the closest version; found: 132; Please update to a Selenium version that supports CDP version 134
]]></system-err>
  </testcase>
  <testcase name="verifyUserLoginWithValidUseranameAndInvalidPassword" classname="testscripts.Logintest" time="0.494">
    <system-err><![CDATA[Mar 20, 2025 12:08:58 PM org.openqa.selenium.devtools.CdpVersionFinder findNearestMatch
WARNING: Unable to find an exact match for CDP version 134, returning the closest version; found: 132; Please update to a Selenium version that supports CDP version 134
]]></system-err>
  </testcase>
  <testcase name="verifyUserIsAbleToUpdateTheContactDetailsInManage" classname="testscripts.Managecontacttest" time="2.965">
    <system-err><![CDATA[Mar 20, 2025 12:09:02 PM org.openqa.selenium.devtools.CdpVersionFinder findNearestMatch
WARNING: Unable to find an exact match for CDP version 134, returning the closest version; found: 132; Please update to a Selenium version that supports CDP version 134
]]></system-err>
  </testcase>
  <testcase name="verifyUserIsAbleToDeleteButtonInSubcategoryTable" classname="testscripts.Subcategorytest" time="1.516">
    <system-err><![CDATA[Mar 20, 2025 12:09:07 PM org.openqa.selenium.devtools.CdpVersionFinder findNearestMatch
WARNING: Unable to find an exact match for CDP version 134, returning the closest version; found: 132; Please update to a Selenium version that supports CDP version 134
]]></system-err>
  </testcase>
  <testcase name="verifyUserIsAbleToUpdateTheSubcategoryDetails" classname="testscripts.Subcategorytest" time="3.484">
    <system-err><![CDATA[Mar 20, 2025 12:09:11 PM org.openqa.selenium.devtools.CdpVersionFinder findNearestMatch
WARNING: Unable to find an exact match for CDP version 134, returning the closest version; found: 132; Please update to a Selenium version that supports CDP version 134
]]></system-err>
  </testcase>
  <testcase name="verifyUserIsAbleTocreateSubcategoryWithValidDetails" classname="testscripts.Subcategorytest" time="3.067">
    <system-err><![CDATA[Mar 20, 2025 12:09:17 PM org.openqa.selenium.devtools.CdpVersionFinder findNearestMatch
WARNING: Unable to find an exact match for CDP version 134, returning the closest version; found: 132; Please update to a Selenium version that supports CDP version 134
]]></system-err>
  </testcase>
  <testcase name="verifyUserIsAbleTosearchTheCreatedSubcategoryInSearchbar" classname="testscripts.Subcategorytest" time="2.05">
    <system-err><![CDATA[Mar 20, 2025 12:09:25 PM org.openqa.selenium.devtools.CdpVersionFinder findNearestMatch
WARNING: Unable to find an exact match for CDP version 134, returning the closest version; found: 132; Please update to a Selenium version that supports CDP version 134
]]></system-err>
  </testcase>
</testsuite>