<?xml version="1.0" encoding="UTF-8"?>
<!-- Generated by org.testng.reporters.JUnitXMLReporter -->
<testsuite ignored="0" hostname="DESKTOP-BQ8VFGF" failures="0" tests="16" name="testng" time="98.165" errors="0" timestamp="2025-03-27T11:45:49 IST">
  <testcase classname="testscripts.Logintest" name="verifyLoginwithInvalidUsernameAndValidpassword" time="0.477"/>
  <testcase classname="testscripts.Logintest" name="verifyUserLoginWithInValidCredential" time="0.439"/>
  <testcase classname="testscripts.Logintest" name="verifyUserLoginWithInValidCredential" time="0.483"/>
  <testcase classname="testscripts.Logintest" name="verifyUserLoginWithInValidCredential" time="0.49"/>
  <testcase classname="testscripts.Logintest" name="verifyUserLoginWithInValidCredential" time="0.417"/>
  <testcase classname="testscripts.Logintest" name="verifyUserLoginWithValidCredential" time="1.375"/>
  <testcase classname="testscripts.Logintest" name="verifyUserLoginWithValidUseranameAndInvalidPassword" time="0.445"/>
  <testcase classname="testscripts.Adminusertest" name="verifyUserIsAbleToDeleteTheAdminUser" time="1.595"/>
  <testcase classname="testscripts.Adminusertest" name="verifyUserIsAbleToUpdateTheAdminUser" time="1.992"/>
  <testcase classname="testscripts.Adminusertest" name="verifyUserIsAbleTocreateNewAdminUser" time="2.015"/>
  <testcase classname="testscripts.Adminusertest" name="verifyUserIsAbleTosearchAdminUser" time="1.667"/>
  <testcase classname="testscripts.Subcategorytest" name="verifyUserIsAbleToDeleteButtonInSubcategoryTable" time="2.005"/>
  <testcase classname="testscripts.Subcategorytest" name="verifyUserIsAbleToUpdateTheSubcategoryDetails" time="3.545"/>
  <testcase classname="testscripts.Subcategorytest" name="verifyUserIsAbleTocreateSubcategoryWithValidDetails" time="2.883"/>
  <testcase classname="testscripts.Subcategorytest" name="verifyUserIsAbleTosearchTheCreatedSubcategoryInSearchbar" time="1.932"/>
  <testcase classname="testscripts.Managecontacttest" name="verifyUserIsAbleToUpdateTheContactDetailsInManage" time="6.617"/>
</testsuite> <!-- testng -->
