<?xml version="1.0" encoding="UTF-8"?>
<!-- Generated by org.testng.reporters.JUnitXMLReporter -->
<testsuite ignored="0" hostname="DESKTOP-BQ8VFGF" failures="0" tests="16" name="testng" time="171.607" errors="0" timestamp="2025-03-26T17:36:16 IST">
  <testcase classname="testscripts.Adminusertest" name="verifyUserIsAbleToDeleteTheAdminUser" time="11.116"/>
  <testcase classname="testscripts.Adminusertest" name="verifyUserIsAbleToUpdateTheAdminUser" time="2.484"/>
  <testcase classname="testscripts.Adminusertest" name="verifyUserIsAbleTocreateNewAdminUser" time="5.086"/>
  <testcase classname="testscripts.Adminusertest" name="verifyUserIsAbleTosearchAdminUser" time="2.628"/>
  <testcase classname="testscripts.Logintest" name="verifyLoginwithInvalidUsernameAndValidpassword" time="1.065"/>
  <testcase classname="testscripts.Logintest" name="verifyUserLoginWithInValidCredential" time="0.512"/>
  <testcase classname="testscripts.Logintest" name="verifyUserLoginWithInValidCredential" time="0.508"/>
  <testcase classname="testscripts.Logintest" name="verifyUserLoginWithInValidCredential" time="0.543"/>
  <testcase classname="testscripts.Logintest" name="verifyUserLoginWithInValidCredential" time="0.975"/>
  <testcase classname="testscripts.Logintest" name="verifyUserLoginWithValidCredential" time="1.72"/>
  <testcase classname="testscripts.Logintest" name="verifyUserLoginWithValidUseranameAndInvalidPassword" time="0.602"/>
  <testcase classname="testscripts.Managecontacttest" name="verifyUserIsAbleToUpdateTheContactDetailsInManage" time="4.613"/>
  <testcase classname="testscripts.Subcategorytest" name="verifyUserIsAbleToDeleteButtonInSubcategoryTable" time="2.976"/>
  <testcase classname="testscripts.Subcategorytest" name="verifyUserIsAbleToUpdateTheSubcategoryDetails" time="10.812"/>
  <testcase classname="testscripts.Subcategorytest" name="verifyUserIsAbleTocreateSubcategoryWithValidDetails" time="7.495"/>
  <testcase classname="testscripts.Subcategorytest" name="verifyUserIsAbleTosearchTheCreatedSubcategoryInSearchbar" time="11.509"/>
</testsuite> <!-- testng -->
