<?xml version="1.0" encoding="UTF-8"?>
<!-- Generated by org.testng.reporters.JUnitXMLReporter -->
<testsuite ignored="0" hostname="DESKTOP-BQ8VFGF" failures="0" tests="7" name="test1" time="31.69" errors="0" timestamp="2025-03-22T18:17:02 IST">
  <testcase classname="testscripts.Logintest" name="verifyLoginwithInvalidUsernameAndValidpassword" time="0.802"/>
  <testcase classname="testscripts.Logintest" name="verifyUserLoginWithInValidCredential" time="0.761"/>
  <testcase classname="testscripts.Logintest" name="verifyUserLoginWithInValidCredential" time="0.683"/>
  <testcase classname="testscripts.Logintest" name="verifyUserLoginWithInValidCredential" time="0.844"/>
  <testcase classname="testscripts.Logintest" name="verifyUserLoginWithInValidCredential" time="0.638"/>
  <testcase classname="testscripts.Logintest" name="verifyUserLoginWithValidCredential" time="1.218"/>
  <testcase classname="testscripts.Logintest" name="verifyUserLoginWithValidUseranameAndInvalidPassword" time="0.539"/>
</testsuite> <!-- test1 -->
