<?xml version="1.0" encoding="UTF-8"?>
<!-- Generated by org.testng.reporters.JUnitXMLReporter -->
<testsuite ignored="3" hostname="DESKTOP-BJPAHFP" failures="0" tests="1" name="chrometest" time="10.053" errors="0" timestamp="2025-03-07T10:41:28 IST">
  <testcase classname="automationcore.Base" name="@BeforeMethod initializeBrowser" time="9.93">
    <failure type="java.lang.NullPointerException" message="Cannot invoke &amp;quot;org.openqa.selenium.WebDriver.manage()&amp;quot; because &amp;quot;this.driver&amp;quot; is null">
      <![CDATA[java.lang.NullPointerException: Cannot invoke "org.openqa.selenium.WebDriver.manage()" because "this.driver" is null
at utilities.WaitUtility.implicitlyWait(WaitUtility.java:16)
at automationcore.Base.initializeBrowser(Base.java:60)
at java.base/java.util.ArrayList.forEach(ArrayList.java:1597)
... Removed 29 stack frames]]>
    </failure>
  </testcase> <!-- @BeforeMethod initializeBrowser -->
  <testcase classname="automationcore.Base" name="@AfterMethod driverquit" time="-1.741324287934E9">
    <skipped/>
  </testcase> <!-- @AfterMethod driverquit -->
  <testcase classname="testscripts.LoginTest" name="verifyWithInValidUserNameAndValidPassword" time="0.0">
    <skipped/>
  </testcase> <!-- verifyWithInValidUserNameAndValidPassword -->
  <testcase classname="testscripts.LoginTest" name="verifyWithInValidUserNameAndInValidPassword" time="0.0">
    <ignored/>
  </testcase> <!-- verifyWithInValidUserNameAndInValidPassword -->
  <testcase classname="testscripts.LoginTest" name="verifyWithValidUserNameAndInvalidPassword" time="0.0">
    <ignored/>
  </testcase> <!-- verifyWithValidUserNameAndInvalidPassword -->
  <testcase classname="testscripts.LoginTest" name="verifyUserLoginWithValidCredential" time="0.0">
    <ignored/>
  </testcase> <!-- verifyUserLoginWithValidCredential -->
</testsuite> <!-- chrometest -->
