<?xml version="1.0" encoding="UTF-8"?>
<!-- Generated by org.testng.reporters.JUnitXMLReporter -->
<testsuite ignored="0" hostname="DESKTOP-BJPAHFP" failures="0" tests="7" name="groupTest" time="85.889" errors="0" timestamp="2025-03-13T12:32:31 IST">
  <testcase classname="testscripts.LoginTest" name="verifyUserLoginWithValidCredential" time="10.306"/>
  <testcase classname="testscripts.LoginTest" name="verifyWithInValidUserNameAndInValidPassword" time="2.066"/>
  <testcase classname="testscripts.LoginTest" name="verifyWithInValidUserNameAndInValidPassword" time="1.409"/>
  <testcase classname="testscripts.LoginTest" name="verifyWithInValidUserNameAndInValidPassword" time="1.296"/>
  <testcase classname="testscripts.LoginTest" name="verifyWithInValidUserNameAndInValidPassword" time="1.968"/>
  <testcase classname="testscripts.LoginTest" name="verifyWithInValidUserNameAndValidPassword" time="1.598"/>
  <testcase classname="testscripts.LoginTest" name="verifyWithValidUserNameAndInvalidPassword" time="0.711"/>
</testsuite> <!-- groupTest -->
