<?xml version="1.0" encoding="UTF-8"?>
<testng-results ignored="0" total="2" passed="2" failed="0" skipped="0">
  <reporter-output>
  </reporter-output>
  <suite started-at="2025-03-20T12:00:08 IST" name="multibrowsertest" finished-at="2025-03-20T12:00:18 IST" duration-ms="9655">
    <groups>
    </groups>
    <test started-at="2025-03-20T12:00:08 IST" name="test1" finished-at="2025-03-20T12:00:12 IST" duration-ms="4128">
      <class name="testscripts.Logintest">
        <test-method is-config="true" signature="initializebrowser(java.lang.String)[pri:0, instance:testscripts.Logintest@36fc695d]" started-at="2025-03-20T12:00:08 IST" name="initializebrowser" finished-at="2025-03-20T12:00:11 IST" duration-ms="2725" status="PASS">
          <params>
            <param index="0">
              <value>
                <![CDATA[chrome]]>
              </value>
            </param>
          </params>
          <reporter-output>
          </reporter-output>
        </test-method> <!-- initializebrowser -->
        <test-method signature="verifyUserLoginWithValidCredential()[pri:0, instance:testscripts.Logintest@36fc695d]" started-at="2025-03-20T12:00:11 IST" name="verifyUserLoginWithValidCredential" finished-at="2025-03-20T12:00:12 IST" duration-ms="1146" status="PASS">
          <reporter-output>
          </reporter-output>
        </test-method> <!-- verifyUserLoginWithValidCredential -->
        <test-method is-config="true" signature="driverquit(org.testng.ITestResult)[pri:0, instance:testscripts.Logintest@36fc695d]" started-at="2025-03-20T12:00:12 IST" name="driverquit" finished-at="2025-03-20T12:00:12 IST" duration-ms="210" status="PASS">
          <params>
            <param index="0">
              <value>
                <![CDATA[[TestResult name=verifyUserLoginWithValidCredential status=SUCCESS method=Logintest.verifyUserLoginWithValidCredential()[pri:0, instance:testscripts.Logintest@36fc695d] output={null}]]]>
              </value>
            </param>
          </params>
          <reporter-output>
          </reporter-output>
        </test-method> <!-- driverquit -->
      </class> <!-- testscripts.Logintest -->
    </test> <!-- test1 -->
    <test started-at="2025-03-20T12:00:08 IST" name="test2" finished-at="2025-03-20T12:00:18 IST" duration-ms="9655">
      <class name="testscripts.Logintest">
        <test-method is-config="true" signature="initializebrowser(java.lang.String)[pri:0, instance:testscripts.Logintest@247bddad]" started-at="2025-03-20T12:00:08 IST" name="initializebrowser" finished-at="2025-03-20T12:00:16 IST" duration-ms="8027" status="PASS">
          <params>
            <param index="0">
              <value>
                <![CDATA[edge]]>
              </value>
            </param>
          </params>
          <reporter-output>
          </reporter-output>
        </test-method> <!-- initializebrowser -->
        <test-method signature="verifyUserLoginWithValidUseranameAndInvalidPassword()[pri:0, instance:testscripts.Logintest@247bddad]" started-at="2025-03-20T12:00:16 IST" name="verifyUserLoginWithValidUseranameAndInvalidPassword" finished-at="2025-03-20T12:00:17 IST" duration-ms="353" status="PASS">
          <reporter-output>
          </reporter-output>
        </test-method> <!-- verifyUserLoginWithValidUseranameAndInvalidPassword -->
        <test-method is-config="true" signature="driverquit(org.testng.ITestResult)[pri:0, instance:testscripts.Logintest@247bddad]" started-at="2025-03-20T12:00:17 IST" name="driverquit" finished-at="2025-03-20T12:00:18 IST" duration-ms="1234" status="PASS">
          <params>
            <param index="0">
              <value>
                <![CDATA[[TestResult name=verifyUserLoginWithValidUseranameAndInvalidPassword status=SUCCESS method=Logintest.verifyUserLoginWithValidUseranameAndInvalidPassword()[pri:0, instance:testscripts.Logintest@247bddad] output={null}]]]>
              </value>
            </param>
          </params>
          <reporter-output>
          </reporter-output>
        </test-method> <!-- driverquit -->
      </class> <!-- testscripts.Logintest -->
    </test> <!-- test2 -->
  </suite> <!-- multibrowsertest -->
</testng-results>
