<?xml version="1.0" encoding="UTF-8"?>
<!-- Generated by org.testng.reporters.JUnitXMLReporter -->
<testsuite ignored="0" hostname="DESKTOP-BQ8VFGF" failures="0" tests="16" name="testng" time="70.658" errors="0" timestamp="2025-03-20T12:09:28 IST">
  <testcase classname="testscripts.Adminusertest" name="verifyUserIsAbleToDeleteTheAdminUser" time="2.478"/>
  <testcase classname="testscripts.Adminusertest" name="verifyUserIsAbleToUpdateTheAdminUser" time="2.085"/>
  <testcase classname="testscripts.Adminusertest" name="verifyUserIsAbleTocreateNewAdminUser" time="2.452"/>
  <testcase classname="testscripts.Adminusertest" name="verifyUserIsAbleTosearchAdminUser" time="1.93"/>
  <testcase classname="testscripts.Logintest" name="verifyLoginwithInvalidUsernameAndValidpassword" time="0.529"/>
  <testcase classname="testscripts.Logintest" name="verifyUserLoginWithInValidCredential" time="0.537"/>
  <testcase classname="testscripts.Logintest" name="verifyUserLoginWithInValidCredential" time="0.572"/>
  <testcase classname="testscripts.Logintest" name="verifyUserLoginWithInValidCredential" time="0.52"/>
  <testcase classname="testscripts.Logintest" name="verifyUserLoginWithInValidCredential" time="0.555"/>
  <testcase classname="testscripts.Logintest" name="verifyUserLoginWithValidCredential" time="0.872"/>
  <testcase classname="testscripts.Logintest" name="verifyUserLoginWithValidUseranameAndInvalidPassword" time="0.5"/>
  <testcase classname="testscripts.Managecontacttest" name="verifyUserIsAbleToUpdateTheContactDetailsInManage" time="2.984"/>
  <testcase classname="testscripts.Subcategorytest" name="verifyUserIsAbleToDeleteButtonInSubcategoryTable" time="1.574"/>
  <testcase classname="testscripts.Subcategorytest" name="verifyUserIsAbleToUpdateTheSubcategoryDetails" time="3.517"/>
  <testcase classname="testscripts.Subcategorytest" name="verifyUserIsAbleTocreateSubcategoryWithValidDetails" time="3.064"/>
  <testcase classname="testscripts.Subcategorytest" name="verifyUserIsAbleTosearchTheCreatedSubcategoryInSearchbar" time="2.107"/>
</testsuite> <!-- testng -->
